  0.17    0.00000    0.00000
  0.50    0.00000    0.00000
  0.83    0.00000    0.00000
  1.17    0.00000    0.00000
  1.50    0.00000    0.00000
  1.83    0.00000    0.00000
  2.17    0.00000    0.00000
  2.50    0.00000    0.00000
  2.83    0.00000    0.00000
  3.17    0.00000    0.00000
  3.50    0.00000    0.00000
  3.83    0.00000    0.00000
  4.17    0.00000    0.00000
  4.50    0.00000    0.00000
  4.83    0.00000    0.00000
  5.17    0.00000    0.00000
  5.50    0.00000    0.00000
  5.83    0.00000    0.00000
  6.17    0.00000    0.00000
  6.50    0.93130    0.00126
  6.83    0.94375    0.00122
  7.17    0.92462    0.00134
  7.50    0.93570    0.00120
  7.83    0.94312    0.00119
  8.17    0.94810    0.00121
  8.50    0.94984    0.00110
  8.83    0.92186    0.00130
  9.17    0.94039    0.00115
  9.50    0.94811    0.00112
  9.83    0.94819    0.00125
 10.17    0.94914    0.00128
 10.50    0.92989    0.00121
 10.83    0.94406    0.00120
 11.17    0.93149    0.00127
 11.50    0.93702    0.00115
 11.83    0.93348    0.00126
 12.17    0.94125    0.00126
 12.50    0.94327    0.00117
 12.83    0.93530    0.00129
 13.17    0.92327    0.00128
 13.50    0.95028    0.00112
 13.83    0.93398    0.00130
 14.17    0.95634    0.00134
 14.50    0.91955    0.00120
 14.83    0.95276    0.00124
 15.17    0.93342    0.00126
 15.50    0.93673    0.00117
 15.83    0.93070    0.00128
 16.17    0.94853    0.00129
 16.50    0.92690    0.00130
 16.83    0.93854    0.00132
 17.17    0.94064    0.00127
 17.50    0.94441    0.00121
 17.83    0.95564    0.00119
 18.17    0.93275    0.00148
 18.50    0.94089    0.00116
 18.83    0.93927    0.00124
 19.17    0.92634    0.00133
 19.50    0.94049    0.00115
 19.83    0.93901    0.00123
 20.17    0.95080    0.00125
 20.50    0.93488    0.00119
 20.83    0.92610    0.00129
 21.17    0.95799    0.00125
 21.50    0.93762    0.00118
 21.83    0.93214    0.00127
 22.17    0.92613    0.00127
 22.50    0.94640    0.00115
 22.83    0.94668    0.00123
 23.17    0.92722    0.00128
 23.50    0.94192    0.00110
 23.83    0.92349    0.00125
 24.17    0.92283    0.00135
 24.50    0.94522    0.00113
 24.83    0.95909    0.00121
 25.17    0.95566    0.00119
 25.50    0.94972    0.00113
 25.83    0.92093    0.00129
 26.17    0.94420    0.00125
 26.50    0.92585    0.00120
 26.83    0.96014    0.00120
 27.17    0.92244    0.00130
 27.50    0.94365    0.00119
 27.83    0.93796    0.00126
 28.17    0.92905    0.00120
 28.50    0.94245    0.00118
 28.83    0.94189    0.00129
 29.17    0.91703    0.00141
 29.50    0.94837    0.00122
 29.83    0.93833    0.00135
 30.17    0.94166    0.00130
 30.50    0.94268    0.00124
 30.83    0.92161    0.00146
 31.17    0.93421    0.00138
 31.50    0.93546    0.00130
 31.83    0.92884    0.00141
 32.17    0.92669    0.00129
 32.50    0.94182    0.00120
 32.83    0.94789    0.00130
 33.17    0.91980    0.00141
 33.50    0.96406    0.00112
 33.83    0.94478    0.00126
 34.17    0.93539    0.00124
 34.50    0.94107    0.00111
 34.83    0.95284    0.00113
 35.17    0.94082    0.00113
 35.50    0.93761    0.00104
 35.83    0.95261    0.00111
 36.17    0.94322    0.00114
 36.50    0.93968    0.00110
 36.83    0.91944    0.00116
 37.17    0.91525    0.00118
 37.50    0.93764    0.00112
 37.83    0.96187    0.00111
 38.17    0.93300    0.00116
 38.50    0.93635    0.00113
 38.83    0.93328    0.00121
 39.17    0.93492    0.00120
 39.50    0.93459    0.00114
 39.83    0.94127    0.00123
 40.17    0.94399    0.00116
 40.50    0.93048    0.00117
 40.83    0.93633    0.00126
 41.17    0.92872    0.00129
 41.50    0.93968    0.00114
 41.83    0.93916    0.00123
 42.17    0.92829    0.00129
 42.50    0.94365    0.00120
 42.83    0.94642    0.00130
 43.17    0.93719    0.00134
 43.50    0.94783    0.00120
 43.83    0.94211    0.00129
 44.17    0.96284    0.00126
 44.50    0.93325    0.00129
 44.83    0.92448    0.00140
 45.17    0.94662    0.00136
 45.50    0.93266    0.00136
 45.83    0.93049    0.00139
 46.17    0.93133    0.00147
 46.50    0.95501    0.00127
 46.83    0.93142    0.00146
 47.17    0.93345    0.00146
 47.50    0.93715    0.00141
 47.83    0.94078    0.00148
 48.17    0.93089    0.00158
 48.50    0.93802    0.00142
 48.83    0.94571    0.00143
 49.17    0.92441    0.00156
 49.50    0.94183    0.00146
 49.83    0.93056    0.00159
 50.17    0.94896    0.00151
 50.50    0.93831    0.00146
 50.83    0.92015    0.00163
 51.17    0.94777    0.00152
 51.50    0.92759    0.00154
 51.83    0.93707    0.00165
 52.17    0.93768    0.00166
 52.50    0.94534    0.00154
 52.83    0.93786    0.00177
 53.17    0.92869    0.00182
 53.50    0.94992    0.00181
 53.83    0.93413    0.00190
 54.17    0.94886    0.00197
 54.50    0.94488    0.00188
 54.83    0.93639    0.00205
 55.17    0.93029    0.00210
 55.50    0.94203    0.00196
 55.83    0.93236    0.00222
 56.17    0.94069    0.00198
 56.50    0.93213    0.00185
 56.83    0.94777    0.00198
 57.17    0.94387    0.00197
 57.50    0.94277    0.00192
 57.83    0.92931    0.00202
 58.17    0.92918    0.00220
 58.50    0.94062    0.00201
 58.83    0.94112    0.00218
 59.17    0.93405    0.00230
 59.50    0.92111    0.00226
 59.83    0.91568    0.00246
 60.17    0.94258    0.00232
 60.50    0.90723    0.00248
 60.83    0.89831    0.00270
 61.17    0.90905    0.00273
 61.50    0.90097    0.00255
 61.83    0.87685    0.00295
 62.17    0.86246    0.00288
 62.50    0.84741    0.00277
 62.83    0.82783    0.00288
 63.17    0.81366    0.00295
 63.50    0.80179    0.00283
 63.83    0.69427    0.00340
 64.17    0.00000    0.00000
 64.50    0.00000    0.00000
 64.83    0.00000    0.00000
 65.17    0.00000    0.00000
 65.50    0.00000    0.00000
 65.83    0.00000    0.00000
 66.17    0.00000    0.00000
 66.50    0.00000    0.00000
 66.83    0.89789    0.00226
 67.17    0.90625    0.00257
 67.50    0.94245    0.00222
 67.83    0.94754    0.00233
 68.17    0.95168    0.00242
 68.50    0.96432    0.00229
 68.83    0.98144    0.00237
 69.17    0.98575    0.00231
 69.50    0.99441    0.00215
 69.83    0.99902    0.00225
 70.17    0.99711    0.00199
 70.50    1.00043    0.00181
 70.83    1.01250    0.00200
 71.17    1.00164    0.00197
 71.50    0.99692    0.00182
 71.83    1.00053    0.00182
 72.17    1.00326    0.00175
 72.50    0.99231    0.00169
 72.83    0.99933    0.00168
 73.17    0.99535    0.00166
 73.50    1.00784    0.00149
 73.83    1.00009    0.00151
 74.17    0.99280    0.00143
 74.50    0.99725    0.00132
 74.83    1.00458    0.00126
 75.17    1.00194    0.00131
 75.50    1.00402    0.00265
 75.83    1.01123    0.00293
 76.17    1.01705    0.00328
 76.50    1.02595    0.00342
 76.83    1.01734    0.00457
 77.17    1.00014    0.00501
 77.50    0.99373    0.00466
 77.83    0.99799    0.00414
 78.17    1.00089    0.00390
 78.50    0.99297    0.00320
 78.83    0.98038    0.00299
 79.17    0.99159    0.00270
 79.50    0.98473    0.00236
 79.83    0.99608    0.00248
 80.17    1.02548    0.00232
 80.50    0.99166    0.00210
 80.83    0.93122    0.00224
 81.17    0.97457    0.00182
 81.50    0.95290    0.00184
 81.83    0.95835    0.00177
 82.17    0.98129    0.00180
 82.50    1.00273    0.00169
 82.83    0.98935    0.00185
 83.17    0.97564    0.00167
 83.50    0.98353    0.00144
 83.83    0.99079    0.00144
 84.17    0.98458    0.00136
 84.50    0.98486    0.00124
 84.83    0.98765    0.00131
 85.17    0.98950    0.00126
 85.50    0.98093    0.00116
 85.83    0.97734    0.00113
 86.17    0.97790    0.00110
 86.50    0.97370    0.00106
 86.83    0.97010    0.00120
 87.17    0.96733    0.00125
 87.50    0.96509    0.00133
 87.83    0.96182    0.00153
 88.17    0.96362    0.00154
 88.50    0.96686    0.00000
 88.83    0.96686    0.00000
 89.17    0.96686    0.00000
 89.50    0.96686    0.00000
 89.83    0.96686    0.00000
 90.17    0.96831    0.00102
 90.50    0.96958    0.00094
 90.83    0.96377    0.00097
 91.17    0.96902    0.00098
 91.50    0.96880    0.00090
 91.83    0.95428    0.00103
 92.17    0.96441    0.00101
 92.50    0.96762    0.00095
 92.83    0.97123    0.00110
 93.17    0.96229    0.00111
 93.50    0.96328    0.00106
 93.83    0.96591    0.00116
 94.17    0.95956    0.00111
 94.50    0.96760    0.00100
 94.83    0.97663    0.00118
 95.17    0.97297    0.00110
 95.50    0.97765    0.00112
 95.83    0.96290    0.00124
 96.17    0.96686    0.00000
 96.50    0.96686    0.00000
 96.83    0.96686    0.00000
 97.17    0.96686    0.00000
 97.50    0.96686    0.00000
 97.83    0.96686    0.00000
 98.17    0.96686    0.00000
 98.50    0.96686    0.00000
 98.83    0.96686    0.00000
 99.17    0.96686    0.00000
 99.50    0.96686    0.00000
 99.83    0.96686    0.00000
100.17    0.96686    0.00000
100.50    0.97911    0.00401
100.83    0.96025    0.00322
101.17    0.97261    0.00304
101.50    0.96800    0.00225
101.83    0.96889    0.00181
102.17    0.96153    0.00149
102.50    0.97000    0.00122
102.83    0.98425    0.00119
103.17    0.97654    0.00111
103.50    0.97897    0.00098
103.83    0.98214    0.00111
104.17    0.96623    0.00107
104.50    0.96941    0.00097
104.83    0.96111    0.00108
105.17    0.95636    0.00105
105.50    0.96465    0.00091
105.83    0.96116    0.00099
106.17    0.95828    0.00095
106.50    0.96864    0.00084
106.83    0.97088    0.00089
107.17    0.96436    0.00089
107.50    0.96740    0.00081
107.83    0.96686    0.00000
108.17    0.96686    0.00000
108.50    0.96686    0.00000
108.83    0.96686    0.00000
109.17    0.96686    0.00000
109.50    0.96686    0.00000
109.83    0.96578    0.00141
110.17    0.96494    0.00144
110.50    0.97609    0.00137
110.83    0.96299    0.00131
111.17    0.96959    0.00120
111.50    0.97014    0.00101
111.83    0.96981    0.00102
112.17    0.95957    0.00101
112.50    0.97233    0.00093
112.83    0.96333    0.00101
113.17    0.96538    0.00104
113.50    0.96660    0.00104
113.83    0.97911    0.00116
114.17    0.97433    0.00115
114.50    0.98389    0.00116
114.83    0.97682    0.00131
115.17    0.97942    0.00129
115.50    0.97033    0.00132
115.83    0.96370    0.00148
116.17    0.95168    0.00145
116.50    0.96251    0.00143
116.83    0.96017    0.00151
117.17    0.97069    0.00155
117.50    0.97962    0.00150
117.83    0.96963    0.00162
118.17    0.96707    0.00170
118.50    0.97336    0.00164
118.83    0.96992    0.00179
119.17    0.96727    0.00191
119.50    0.97263    0.00190
119.83    0.94456    0.00204
120.17    0.95876    0.00236
120.50    0.95464    0.00247
120.83    0.96333    0.00298
121.17    0.99312    0.00364
121.50    0.98291    0.00337
121.83    0.95491    0.00304
122.17    0.96886    0.00247
122.50    0.97848    0.00196
122.83    0.95195    0.00179
123.17    0.96923    0.00176
123.50    0.96100    0.00164
123.83    0.96076    0.00186
124.17    0.96764    0.00199
124.50    0.95297    0.00205
124.83    0.96255    0.00224
125.17    0.95424    0.00251
125.50    0.81160    0.00259
125.83    0.00000    0.00000
126.17    0.00000    0.00000
126.50    0.00000    0.00000
126.83    0.00000    0.00000
127.17    0.00000    0.00000
127.50    0.00000    0.00000
127.83    0.00000    0.00000
128.17    0.00000    0.00000
128.50    0.00000    0.00000
128.83    0.85118    0.00281
129.17    0.85434    0.00231
129.50    0.88440    0.00218
129.83    0.89742    0.00239
130.17    0.89773    0.00246
130.50    0.89523    0.00246
130.83    0.89553    0.00259
131.17    0.89464    0.00276
131.50    0.92132    0.00224
131.83    0.92091    0.00256
132.17    0.93376    0.00259
132.50    0.94226    0.00238
132.83    0.92771    0.00271
133.17    0.91444    0.00280
133.50    0.91686    0.00267
133.83    0.91429    0.00270
134.17    0.90117    0.00272
134.50    0.92860    0.00249
134.83    0.89616    0.00311
135.17    0.94195    0.00261
135.50    0.94667    0.00248
135.83    0.95807    0.00260
136.17    0.96325    0.00280
136.50    0.95911    0.00250
136.83    0.96378    0.00265
137.17    0.97419    0.00265
137.50    0.97234    0.00237
137.83    0.98883    0.00248
138.17    0.98568    0.00244
138.50    0.96477    0.00242
138.83    0.98230    0.00296
139.17    0.99010    0.00304
139.50    0.99186    0.00263
139.83    0.98037    0.00293
140.17    0.97643    0.00299
140.50    0.99698    0.00260
140.83    0.99178    0.00273
141.17    0.99362    0.00265
141.50    0.98515    0.00252
141.83    1.00268    0.00249
142.17    1.01099    0.00244
142.50    1.02064    0.00222
142.83    0.98884    0.00247
143.17    0.99815    0.00242
143.50    0.99564    0.00222
143.83    1.00587    0.00218
144.17    0.99916    0.00222
144.50    1.00931    0.00200
144.83    1.01502    0.00211
145.17    1.00663    0.00205
145.50    1.01183    0.00192
145.83    1.01158    0.00195
146.17    1.02661    0.00187
146.50    1.00963    0.00181
146.83    1.01305    0.00187
147.17    1.00590    0.00186
147.50    1.01865    0.00165
147.83    1.02202    0.00169
148.17    1.02010    0.00184
148.50    1.03180    0.00157
148.83    1.01488    0.00168
149.17    1.01316    0.00172
149.50    1.02548    0.00159
149.83    1.02547    0.00165
150.17    1.02430    0.00165
150.50    1.01053    0.00161
150.83    1.02291    0.00166
151.17    1.03489    0.00163
151.50    1.02427    0.00155
151.83    1.02921    0.00157
152.17    1.03165    0.00152
152.50    1.01619    0.00144
152.83    1.01730    0.00155
153.17    1.02299    0.00156
153.50    1.01799    0.00146
153.83    1.02303    0.00153
154.17    1.01082    0.00162
154.50    1.02744    0.00139
154.83    1.02403    0.00154
155.17    1.02113    0.00144
155.50    1.01605    0.00133
155.83    1.01690    0.00142
156.17    1.02781    0.00137
156.50    1.03098    0.00128
156.83    1.00703    0.00137
157.17    1.00685    0.00142
157.50    1.02234    0.00129
157.83    1.01576    0.00135
158.17    1.01818    0.00131
158.50    1.01977    0.00125
158.83    1.02452    0.00130
159.17    1.01656    0.00133
159.50    1.01822    0.00126
159.83    1.03230    0.00125
160.17    1.02975    0.00120
160.50    1.00765    0.00112
160.83    1.02241    0.00122
161.17    1.01949    0.00123
161.50    1.04012    0.00107
161.83    1.01617    0.00117
162.17    1.01979    0.00115
162.50    1.01754    0.00111
162.83    1.00103    0.00120
163.17    1.01738    0.00113
163.50    1.01460    0.00111
163.83    1.01775    0.00120
164.17    1.02384    0.00117
164.50    1.02954    0.00112
164.83    1.00569    0.00123
165.17    1.01789    0.00121
165.50    1.01764    0.00119
165.83    1.00542    0.00131
166.17    1.02853    0.00131
166.50    1.02413    0.00119
166.83    1.01316    0.00128
167.17    1.01191    0.00133
167.50    1.01518    0.00119
167.83    1.00668    0.00127
168.17    1.02584    0.00123
168.50    1.01380    0.00115
168.83    0.99514    0.00128
169.17    1.01662    0.00128
169.50    1.01038    0.00116
169.83    1.02446    0.00119
170.17    1.02011    0.00118
170.50    1.01094    0.00111
170.83    1.01136    0.00117
171.17    1.01823    0.00113
171.50    1.01846    0.00105
171.83    1.01597    0.00112
172.17    1.02049    0.00110
172.50    1.03454    0.00103
172.83    1.01121    0.00106
173.17    1.01592    0.00106
173.50    1.02068    0.00102
173.83    1.03253    0.00103
174.17    1.02301    0.00102
174.50    1.02807    0.00090
174.83    1.02054    0.00119
175.17    1.03197    0.00108
175.50    1.02169    0.00094
175.83    1.02042    0.00104
176.17    1.02614    0.00102
176.50    1.01044    0.00094
176.83    1.01577    0.00100
177.17    1.03216    0.00096
177.50    1.01702    0.00097
177.83    1.01437    0.00100
178.17    1.02446    0.00102
178.50    1.02141    0.00096
178.83    1.03347    0.00097
179.17    1.01926    0.00101
179.50    1.02312    0.00093
179.83    1.02305    0.00099
180.17    1.03127    0.00092
180.50    1.01166    0.00091
180.83    1.01904    0.00098
181.17    1.01816    0.00097
181.50    1.02341    0.00093
181.83    1.02365    0.00096
182.17    1.01789    0.00094
182.50    1.00949    0.00093
182.83    1.00136    0.00096
183.17    1.01509    0.00099
183.50    1.01816    0.00095
183.83    1.02912    0.00101
184.17    1.02810    0.00103
184.50    1.01414    0.00099
184.83    1.02009    0.00103
185.17    1.03298    0.00102
185.50    1.00428    0.00108
185.83    1.02205    0.00097
186.17    0.00000    0.00097
186.50    0.00000    0.00000
186.83    0.00000    0.00000
187.17    0.00000    0.00000
187.50    0.00000    0.00000
187.83    0.00000    0.00000
188.17    0.00000    0.00000
188.50    0.00000    0.00000
188.83    0.00000    0.00000
189.17    0.00000    0.00000
189.50    0.00000    0.00000
189.83    0.00000    0.00000
190.17    0.00000    0.00000
190.50    0.00000    0.00000
190.83    0.00000    0.00000
191.17    0.00000    0.00000
191.50    0.00000    0.00000
191.83    0.00000    0.00000
